This is pdfTeX, Version 3.14159265-2.6-1.40.18 (TeX Live 2017) (preloaded format=pdflatex 2017.6.7)  9 SEP 2018 12:14
entering extended mode
 \write18 enabled.
 %&-line parsing enabled.
**Lagrangian_MISOMIP.tex
(./Lagrangian_MISOMIP.tex
LaTeX2e <2017-04-15>
Babel <3.10> and hyphenation patterns for 22 language(s) loaded.
(./AGUTeX.cls


 AGUTeX Journal Style, American Geophysical Union 
 This version is dated Feb 9, 2008



LaTeX Warning: You have requested document class `AGUTeX',
               but the document class provides `agutex'.

Document Class: agutex 02/09/2008
\c@chapter=\count79
\c@section=\count80
\c@subsection=\count81
\c@subsubsection=\count82
\c@figure=\count83
\c@table=\count84
\mathindent=\dimen102
\abovefigcaptionskip=\skip41
\abovetabcaptionskip=\skip42
\abovetableskip=\skip43
\belowtabcaptionskip=\dimen103
\landscapebox=\box26
\c@plate=\count85
\savecurrtable=\box27
\abovetabularskip=\skip44
\belowtabularskip=\skip45
\timing=\count86
\hourcount=\count87
\oldtime=\count88
\totpages=\count89
\belowtitleskip=\dimen104
\abovesubtitleskip=\dimen105
\belowsubtitleskip=\dimen106
\aboveauthorskip=\dimen107
\belowauthorskip=\dimen108
\thanksnum=\count90
\dothanks=\count91
\thankscounter=\count92
\titlethanksnum=\count93
\dotitlethanks=\count94
\titlethankscounter=\count95
\thanksnum=\count96
\dothanks=\count97
\thankscounter=\count98
\authorwidth=\dimen109
\authorbaselineskip=\dimen110
\aboveaffilskip=\dimen111
\belowaffilskip=\dimen112
\affilwidth=\dimen113
\aboveabstractskip=\dimen114
\belowabstractskip=\dimen115
\belowabstractnameskip=\dimen116
\abstractmargin=\dimen117
\abovereceivedskip=\skip46
\aboverevisedskip=\skip47
\aboveacceptedskip=\skip48
\abovepublishededskip=\skip49
\barticle=\box28
\thanksbox=\box29
\titlethanksbox=\box30
\c@appendnum=\count99
\footnum=\count100
\savefootnum=\count101
\ackskip=\skip50
\saveparskip=\dimen118
\captionskip=\dimen119
\PushOneColTopFig=\dimen120
\PushOneColBotFig=\dimen121
\PushOneColTopTab=\dimen122
\PushOneColBotTab=\dimen123
\PushTwoColTopFig=\dimen124
\PushTwoColBotFig=\dimen125
\PushTwoColTopTab=\dimen126
\PushTwoColBotTab=\dimen127
\intextfloatskip=\skip51
\c@appfigure=\count102
\c@apptable=\count103
\c@appplate=\count104
\checkforspace=\dimen128
\savetopinsert=\box31
\savebotinsert=\box32
\secondsavetopinsert=\box33
\secondsavebotinsert=\box34
\firstcolbox=\box35
\secondcolbox=\box36
\thefirstbox=\box37
\thesecondbox=\box38
\firstcol=\dimen129
\secondcol=\dimen130
\checkheight=\dimen131
\loopnum=\count105
\firstcolsavefignum=\count106
\footnotebox=\box39
\ColUsed=\dimen132
\FigSpace=\dimen133
\testdblbotins=\box40
\pageloopnum=\count107
\endcolsavetopinsert=\box41
\endcolsavebotinsert=\box42
\testpagesize=\box43
\savelastskip=\dimen134
\partialpage=\box44
\figandtabnumber=\count108
\figandtabbox=\box45
\pagefloatnumber=\count109
\sizeoffloat=\box46
\bogus=\count110
\figinsert=\insert199
\herebox=\box47
\endfigbox=\box48
\spanbox=\box49
\dbltopins=\box50
\dblbotins=\box51
\dblbotskip=\skip52
\dblfigandtabnumber=\count111
\dblfigandtabbox=\box52
\dblloopnum=\count112
\savedblfigandtabnumber=\count113
\dblspanherebox=\box53
\bigpagenum=\count114
\littlepagenum=\count115
\wholepagenum=\count116
\@cprtype=\count117
\@slugcmmntwidth=\dimen135
\affilnum=\count118
\totalaffils=\count119
\figcount=\count120
\saveequation=\count121
\c@currlett=\count122
\notationwidth=\dimen136
\betweennotationskip=\skip53
\WidestEntry=\dimen137
\premulticols=\dimen138
\page@free=\dimen139
\partial@page=\box54
\multicoltolerance=\count123
\doublecol@number=\count124
\multicolbaselineskip=\skip54
\c@collectmore=\count125
\loopcount=\count126
\fixdimen=\dimen140
\c@unbalance=\count127
\savedimen=\dimen141
\savehsize=\dimen142
\mycolumnwidth=\dimen143
\saveparindent=\dimen144
\saveparskip=\dimen145
\abstractwidth=\dimen146
\currlastnumber=\count128
\altaffilbox=\box55
\sectskip=\skip55
\belowsectionskip=\skip56
\subsectskip=\skip57
\belowsubsectskip=\skip58
\subsubsectskip=\skip59
\belowsubsubsectskip=\skip60
\c@subsubsubsection=\count129
\captionwidth=\dimen147
\widecaptionwidth=\dimen148
\landscapecaptionwidth=\dimen149
\@temptokenb=\toks14
\beforeendskip=\skip61


 JGRGA style option, October 1, 2001,
 \documentclass[jgrga]{AGUTeX}
 ``Journal of Geophysical Research'', 
 Published by American Geophysical Union


\titlesize=\dimen150
LaTeX Info: Redefining \cite on input line 7417.
\c@NAT@ctr=\count130
) (/usr/local/texlive/2017basic/texmf-dist/tex/latex/amsmath/amsmath.sty
Package: amsmath 2016/11/05 v2.16a AMS math features
\@mathmargin=\skip62

For additional information on amsmath, use the `?' option.
(/usr/local/texlive/2017basic/texmf-dist/tex/latex/amsmath/amstext.sty
Package: amstext 2000/06/29 v2.01 AMS text

(/usr/local/texlive/2017basic/texmf-dist/tex/latex/amsmath/amsgen.sty
File: amsgen.sty 1999/11/30 v2.0 generic functions
\@emptytoks=\toks15
\ex@=\dimen151
))
(/usr/local/texlive/2017basic/texmf-dist/tex/latex/amsmath/amsbsy.sty
Package: amsbsy 1999/11/29 v1.2d Bold Symbols
\pmbraise@=\dimen152
)
(/usr/local/texlive/2017basic/texmf-dist/tex/latex/amsmath/amsopn.sty
Package: amsopn 2016/03/08 v2.02 operator names
)
\inf@bad=\count131
LaTeX Info: Redefining \frac on input line 213.
\uproot@=\count132
\leftroot@=\count133
LaTeX Info: Redefining \overline on input line 375.
\classnum@=\count134
\DOTSCASE@=\count135
LaTeX Info: Redefining \ldots on input line 472.
LaTeX Info: Redefining \dots on input line 475.
LaTeX Info: Redefining \cdots on input line 596.
\Mathstrutbox@=\box56
\strutbox@=\box57
\big@size=\dimen153
LaTeX Font Info:    Redeclaring font encoding OML on input line 712.
LaTeX Font Info:    Redeclaring font encoding OMS on input line 713.
\macc@depth=\count136
\c@MaxMatrixCols=\count137
\dotsspace@=\muskip10
\c@parentequation=\count138
\dspbrk@lvl=\count139
\tag@help=\toks16
\row@=\count140
\column@=\count141
\maxfields@=\count142
\andhelp@=\toks17
\eqnshift@=\dimen154
\alignsep@=\dimen155
\tagshift@=\dimen156
\tagwidth@=\dimen157
\totwidth@=\dimen158
\lineht@=\dimen159
\@envbody=\toks18
\multlinegap=\skip63
\multlinetaggap=\skip64
\mathdisplay@stack=\toks19
LaTeX Info: Redefining \[ on input line 2817.
LaTeX Info: Redefining \] on input line 2818.
)
(/usr/local/texlive/2017basic/texmf-dist/tex/latex/amscls/amsthm.sty
Package: amsthm 2015/03/04 v2.20.2
\thm@style=\toks20
\thm@bodyfont=\toks21
\thm@headfont=\toks22
\thm@notefont=\toks23
\thm@headpunct=\toks24
\thm@preskip=\skip65
\thm@postskip=\skip66
\thm@headsep=\skip67
\dth@everypar=\toks25
)
(/usr/local/texlive/2017basic/texmf-dist/tex/latex/amsfonts/amssymb.sty
Package: amssymb 2013/01/14 v3.01 AMS font symbols

(/usr/local/texlive/2017basic/texmf-dist/tex/latex/amsfonts/amsfonts.sty
Package: amsfonts 2013/01/14 v3.01 Basic AMSFonts support
\symAMSa=\mathgroup4
\symAMSb=\mathgroup5
LaTeX Font Info:    Overwriting math alphabet `\mathfrak' in version `bold'
(Font)                  U/euf/m/n --> U/euf/b/n on input line 106.
))
(/usr/local/texlive/2017basic/texmf-dist/tex/latex/lineno/lineno.sty
Package: lineno 2005/11/02 line numbers on paragraphs v4.41
\linenopenalty=\count143
\output=\toks26
\linenoprevgraf=\count144
\linenumbersep=\dimen160
\linenumberwidth=\dimen161
\c@linenumber=\count145
\c@pagewiselinenumber=\count146
\c@LN@truepage=\count147
\c@internallinenumber=\count148
\c@internallinenumbers=\count149
\quotelinenumbersep=\dimen162
\bframerule=\dimen163
\bframesep=\dimen164
\bframebox=\box58
LaTeX Info: Redefining \\ on input line 3056.
)
(/usr/local/texlive/2017basic/texmf-dist/tex/latex/graphics/graphicx.sty
Package: graphicx 2014/10/28 v1.0g Enhanced LaTeX Graphics (DPC,SPQR)

(/usr/local/texlive/2017basic/texmf-dist/tex/latex/graphics/keyval.sty
Package: keyval 2014/10/28 v1.15 key=value parser (DPC)
\KV@toks@=\toks27
)
(/usr/local/texlive/2017basic/texmf-dist/tex/latex/graphics/graphics.sty
Package: graphics 2017/04/14 v1.1b Standard LaTeX Graphics (DPC,SPQR)

(/usr/local/texlive/2017basic/texmf-dist/tex/latex/graphics/trig.sty
Package: trig 2016/01/03 v1.10 sin cos tan (DPC)
)
(/usr/local/texlive/2017basic/texmf-dist/tex/latex/graphics-cfg/graphics.cfg
File: graphics.cfg 2016/06/04 v1.11 sample graphics configuration
)
Package graphics Info: Driver file: pdftex.def on input line 99.

(/usr/local/texlive/2017basic/texmf-dist/tex/latex/graphics-def/pdftex.def
File: pdftex.def 2017/01/12 v0.06k Graphics/color for pdfTeX

(/usr/local/texlive/2017basic/texmf-dist/tex/generic/oberdiek/infwarerr.sty
Package: infwarerr 2016/05/16 v1.4 Providing info/warning/error messages (HO)
)
(/usr/local/texlive/2017basic/texmf-dist/tex/generic/oberdiek/ltxcmds.sty
Package: ltxcmds 2016/05/16 v1.23 LaTeX kernel commands for general use (HO)
)
\Gread@gobject=\count150
))
\Gin@req@height=\dimen165
\Gin@req@width=\dimen166
)
(/usr/local/texlive/2017basic/texmf-dist/tex/generic/ulem/ulem.sty
\UL@box=\box59
\UL@hyphenbox=\box60
\UL@skip=\skip68
\UL@hook=\toks28
\UL@height=\dimen167
\UL@pe=\count151
\UL@pixel=\dimen168
\ULC@box=\box61
Package: ulem 2012/05/18
\ULdepth=\dimen169
)
(/usr/local/texlive/2017basic/texmf-dist/tex/latex/graphics/color.sty
Package: color 2016/07/10 v1.1e Standard LaTeX Color (DPC)

(/usr/local/texlive/2017basic/texmf-dist/tex/latex/graphics-cfg/color.cfg
File: color.cfg 2016/01/02 v1.6 sample color configuration
)
Package color Info: Driver file: pdftex.def on input line 147.
)
(./Lagrangian_MISOMIP.aux)
\openout1 = `Lagrangian_MISOMIP.aux'.

LaTeX Font Info:    Checking defaults for OML/cmm/m/it on input line 145.
LaTeX Font Info:    ... okay on input line 145.
LaTeX Font Info:    Checking defaults for T1/cmr/m/n on input line 145.
LaTeX Font Info:    ... okay on input line 145.
LaTeX Font Info:    Checking defaults for OT1/cmr/m/n on input line 145.
LaTeX Font Info:    ... okay on input line 145.
LaTeX Font Info:    Checking defaults for OMS/cmsy/m/n on input line 145.
LaTeX Font Info:    ... okay on input line 145.
LaTeX Font Info:    Checking defaults for OMX/cmex/m/n on input line 145.
LaTeX Font Info:    ... okay on input line 145.
LaTeX Font Info:    Checking defaults for U/cmr/m/n on input line 145.
LaTeX Font Info:    ... okay on input line 145.

(/usr/local/texlive/2017basic/texmf-dist/tex/context/base/mkii/supp-pdf.mkii
[Loading MPS to PDF converter (version 2006.09.02).]
\scratchcounter=\count152
\scratchdimen=\dimen170
\scratchbox=\box62
\nofMPsegments=\count153
\nofMParguments=\count154
\everyMPshowfont=\toks29
\MPscratchCnt=\count155
\MPscratchDim=\dimen171
\MPnumerator=\count156
\makeMPintoPDFobject=\count157
\everyMPtoPDFconversion=\toks30
) (/usr/local/texlive/2017basic/texmf-dist/tex/generic/oberdiek/pdftexcmds.sty
Package: pdftexcmds 2017/03/19 v0.25 Utility functions of pdfTeX for LuaTeX (HO
)

(/usr/local/texlive/2017basic/texmf-dist/tex/generic/oberdiek/ifluatex.sty
Package: ifluatex 2016/05/16 v1.4 Provides the ifluatex switch (HO)
Package ifluatex Info: LuaTeX not detected.
)
(/usr/local/texlive/2017basic/texmf-dist/tex/generic/oberdiek/ifpdf.sty
Package: ifpdf 2017/03/15 v3.2 Provides the ifpdf switch
)
Package pdftexcmds Info: LuaTeX not detected.
Package pdftexcmds Info: \pdf@primitive is available.
Package pdftexcmds Info: \pdf@ifprimitive is available.
Package pdftexcmds Info: \pdfdraftmode found.
)
(/usr/local/texlive/2017basic/texmf-dist/tex/latex/oberdiek/epstopdf-base.sty
Package: epstopdf-base 2016/05/15 v2.6 Base part for package epstopdf

(/usr/local/texlive/2017basic/texmf-dist/tex/latex/oberdiek/grfext.sty
Package: grfext 2016/05/16 v1.2 Manage graphics extensions (HO)

(/usr/local/texlive/2017basic/texmf-dist/tex/generic/oberdiek/kvdefinekeys.sty
Package: kvdefinekeys 2016/05/16 v1.4 Define keys (HO)
)) (/usr/local/texlive/2017basic/texmf-dist/tex/latex/oberdiek/kvoptions.sty
Package: kvoptions 2016/05/16 v3.12 Key value format for package options (HO)

(/usr/local/texlive/2017basic/texmf-dist/tex/generic/oberdiek/kvsetkeys.sty
Package: kvsetkeys 2016/05/16 v1.17 Key value parser (HO)

(/usr/local/texlive/2017basic/texmf-dist/tex/generic/oberdiek/etexcmds.sty
Package: etexcmds 2016/05/16 v1.6 Avoid name clashes with e-TeX commands (HO)
Package etexcmds Info: Could not find \expanded.
(etexcmds)             That can mean that you are not using pdfTeX 1.50 or
(etexcmds)             that some package has redefined \expanded.
(etexcmds)             In the latter case, load this package earlier.
)))
Package epstopdf-base Info: Redefining graphics rule for `.eps' on input line 4
38.
Package grfext Info: Graphics extension search list:
(grfext)             [.png,.pdf,.jpg,.mps,.jpeg,.jbig2,.jb2,.PNG,.PDF,.JPG,.JPE
G,.JBIG2,.JB2,.eps]
(grfext)             \AppendGraphicsExtensions on input line 456.

(/usr/local/texlive/2017basic/texmf-dist/tex/latex/latexconfig/epstopdf-sys.cfg
File: epstopdf-sys.cfg 2010/07/13 v1.3 Configuration of (r)epstopdf for TeX Liv
e
)) [1{/usr/local/texlive/2017basic/texmf-var/fonts/map/pdftex/updmap/pdftex.map
}

]
Underfull \hbox (badness 10000) in paragraph at lines 218--219

 []

LaTeX Font Info:    Try loading font information for U+msa on input line 220.
(/usr/local/texlive/2017basic/texmf-dist/tex/latex/amsfonts/umsa.fd
File: umsa.fd 2013/01/14 v3.01 AMS symbols A
)
LaTeX Font Info:    Try loading font information for U+msb on input line 220.

(/usr/local/texlive/2017basic/texmf-dist/tex/latex/amsfonts/umsb.fd
File: umsb.fd 2013/01/14 v3.01 AMS symbols B
) [2

]
Overfull \hbox (21.18369pt too wide) in paragraph at lines 229--229
\OT1/cmr/m/n/12 culty of plac-ing ob-ser-va-tional in-stru-ments around tab-u-l
ar ice-bergs means that
 []


Overfull \hbox (12.55879pt too wide) in paragraph at lines 229--229
\OT1/cmr/m/n/12 structed of La-grangian el-e-ments. We val-i-date the La-grangi
an ice-shelf model
 []


Overfull \hbox (19.73097pt too wide) in paragraph at lines 229--229
\OT1/cmr/m/n/12 the re-sults to an Eu-le-rian model sim-u-la-tions with iden-ti
-cal con-fig-u-ra-tion. The
 []


Underfull \hbox (badness 10000) in paragraph at lines 229--229
\OT1/cmr/m/n/12 at the ice front and around the ice-berg. At the ice front, the
 ice-berg calv-
 []


Overfull \hbox (12.59232pt too wide) in paragraph at lines 229--229
\OT1/cmr/m/n/12 ing leads to a warm-ing of the ocean sur-face and cool-ing of t
he wa-ter col-umn
 []


Overfull \hbox (25.36853pt too wide) in paragraph at lines 229--229
\OT1/cmr/m/n/12 at depth, al-low-ing cooler wa-ters to en-ter the ice-shelf cav
-ity. This in turn leads
 []


Overfull \hbox (15.42415pt too wide) in paragraph at lines 229--229
\OT1/cmr/m/n/12 As the tab-u-lar ice-berg drifts fur-ther from the ice shelf, t
he cir-cu-la-tion within
 []


Overfull \hbox (18.62689pt too wide) in paragraph at lines 229--229
\OT1/cmr/m/n/12 the ice-shelf cav-ity tends to-wards a new steady state, con-si
s-tent with the new
 []

[3]
Missing character: There is no Š in font cmr12!
 [4] [5] [6] [7] [8] [9] [10] [11] [12] [13] [14] [15] [16] [17] [18]
[19] [20] [21] [22] [23] [24] [25] [26]
Missing character: There is no Ð in font cmr12!
 [27]
Missing character: There is no Ð in font cmr12!
 [28]
Missing character: There is no Š in font cmr12!
Missing character: There is no Ð in font cmr12!
 [29]
Missing character: There is no Ð in font cmr12!
 [30]
Missing character: There is no Ð in font cmr12!
 [31]
Missing character: There is no Ð in font cmr12!
 [32]
Missing character: There is no Ž in font cmr12!
Missing character: There is no Ð in font cmr12!
Missing character: There is no Ð in font cmr12!
 [33]
Underfull \hbox (badness 10000) in paragraph at lines 837--838

 []

[34

] [35]
</Users/alon/Desktop/files/Icebergs_clusters/Towards_Publication/Tech_paper/Git
hub_stuff/Tech-paper/Figures/Two_panel_schematic_shelf.png, id=129, 795.9336pt 
x 354.3639pt>
File: /Users/alon/Desktop/files/Icebergs_clusters/Towards_Publication/Tech_pape
r/Github_stuff/Tech-paper/Figures/Two_panel_schematic_shelf.png Graphic file (t
ype png)

<use /Users/alon/Desktop/files/Icebergs_clusters/Towards_Publication/Tech_paper
/Github_stuff/Tech-paper/Figures/Two_panel_schematic_shelf.png>
Package pdftex.def Info: /Users/alon/Desktop/files/Icebergs_clusters/Towards_Pu
blication/Tech_paper/Github_stuff/Tech-paper/Figures/Two_panel_schematic_shelf.
png used on input line 847.
(pdftex.def)             Requested size: 487.0827pt x 216.86458pt.
 [36 </Users/alon/Desktop/files/Icebergs_clusters/Towards_Publication/Tech_pape
r/Github_stuff/Tech-paper/Figures/Two_panel_schematic_shelf.png>]
</Users/alon/Desktop/files/Icebergs_clusters/Towards_Publication/Tech_paper/Git
hub_stuff/Tech-paper/Figures/snapshots_Wind_Wind_Collapse_temp_anomaly.png, id=
135, 995.3988pt x 651.6345pt>
File: /Users/alon/Desktop/files/Icebergs_clusters/Towards_Publication/Tech_pape
r/Github_stuff/Tech-paper/Figures/snapshots_Wind_Wind_Collapse_temp_anomaly.png
 Graphic file (type png)

<use /Users/alon/Desktop/files/Icebergs_clusters/Towards_Publication/Tech_paper
/Github_stuff/Tech-paper/Figures/snapshots_Wind_Wind_Collapse_temp_anomaly.png>
Package pdftex.def Info: /Users/alon/Desktop/files/Icebergs_clusters/Towards_Pu
blication/Tech_paper/Github_stuff/Tech-paper/Figures/snapshots_Wind_Wind_Collap
se_temp_anomaly.png used on input line 873.
(pdftex.def)             Requested size: 487.0827pt x 318.86621pt.
[37 </Users/alon/Desktop/files/Icebergs_clusters/Towards_Publication/Tech_paper
/Github_stuff/Tech-paper/Figures/snapshots_Wind_Wind_Collapse_temp_anomaly.png>
]
</Users/alon/Desktop/files/Icebergs_clusters/Towards_Publication/Tech_paper/Git
hub_stuff/Tech-paper/Figures/ALE_z_static_shelf_solo_D_mass_spread_mass.png, id
=141, 1007.6847pt x 652.1163pt>
File: /Users/alon/Desktop/files/Icebergs_clusters/Towards_Publication/Tech_pape
r/Github_stuff/Tech-paper/Figures/ALE_z_static_shelf_solo_D_mass_spread_mass.pn
g Graphic file (type png)

<use /Users/alon/Desktop/files/Icebergs_clusters/Towards_Publication/Tech_paper
/Github_stuff/Tech-paper/Figures/ALE_z_static_shelf_solo_D_mass_spread_mass.png
>
Package pdftex.def Info: /Users/alon/Desktop/files/Icebergs_clusters/Towards_Pu
blication/Tech_paper/Github_stuff/Tech-paper/Figures/ALE_z_static_shelf_solo_D_
mass_spread_mass.png used on input line 885.
(pdftex.def)             Requested size: 487.0827pt x 315.21132pt.
 [38 </Users/alon/Desktop/files/Icebergs_clusters/Towards_Publication/Tech_pape
r/Github_stuff/Tech-paper/Figures/ALE_z_static_shelf_solo_D_mass_spread_mass.pn
g>]
</Users/alon/Desktop/files/Icebergs_clusters/Towards_Publication/Tech_paper/Git
hub_stuff/Tech-paper/Figures/Wind_static_shelf_comparison_barotropic_sf.png, id
=146, 1068.8733pt x 707.7642pt>
File: /Users/alon/Desktop/files/Icebergs_clusters/Towards_Publication/Tech_pape
r/Github_stuff/Tech-paper/Figures/Wind_static_shelf_comparison_barotropic_sf.pn
g Graphic file (type png)

<use /Users/alon/Desktop/files/Icebergs_clusters/Towards_Publication/Tech_paper
/Github_stuff/Tech-paper/Figures/Wind_static_shelf_comparison_barotropic_sf.png
>
Package pdftex.def Info: /Users/alon/Desktop/files/Icebergs_clusters/Towards_Pu
blication/Tech_paper/Github_stuff/Tech-paper/Figures/Wind_static_shelf_comparis
on_barotropic_sf.png used on input line 908.
(pdftex.def)             Requested size: 487.0827pt x 322.53pt.
 [39 </Users/alon/Desktop/files/Icebergs_clusters/Towards_Publication/Tech_pape
r/Github_stuff/Tech-paper/Figures/Wind_static_shelf_comparison_barotropic_sf.pn
g>]
</Users/alon/Desktop/files/Icebergs_clusters/Towards_Publication/Tech_paper/Git
hub_stuff/Tech-paper/Diagrams/Iceberg_scehmatic_with_red.pdf, id=151, 1027.84pt
 x 770.88pt>
File: /Users/alon/Desktop/files/Icebergs_clusters/Towards_Publication/Tech_pape
r/Github_stuff/Tech-paper/Diagrams/Iceberg_scehmatic_with_red.pdf Graphic file 
(type pdf)

<use /Users/alon/Desktop/files/Icebergs_clusters/Towards_Publication/Tech_paper
/Github_stuff/Tech-paper/Diagrams/Iceberg_scehmatic_with_red.pdf>
Package pdftex.def Info: /Users/alon/Desktop/files/Icebergs_clusters/Towards_Pu
blication/Tech_paper/Github_stuff/Tech-paper/Diagrams/Iceberg_scehmatic_with_re
d.pdf used on input line 923.
(pdftex.def)             Requested size: 487.0827pt x 365.31314pt.
 [40 </Users/alon/Desktop/files/Icebergs_clusters/Towards_Publication/Tech_pape
r/Github_stuff/Tech-paper/Diagrams/Iceberg_scehmatic_with_red.pdf>]
</Users/alon/Desktop/files/Icebergs_clusters/Towards_Publication/Tech_paper/Git
hub_stuff/Tech-paper/Figures/snapshots_Wind_Wind_Collapse_temp_zold_x20_anomaly
.png, id=199, 624.4128pt x 630.9171pt>
File: /Users/alon/Desktop/files/Icebergs_clusters/Towards_Publication/Tech_pape
r/Github_stuff/Tech-paper/Figures/snapshots_Wind_Wind_Collapse_temp_zold_x20_an
omaly.png Graphic file (type png)

<use /Users/alon/Desktop/files/Icebergs_clusters/Towards_Publication/Tech_paper
/Github_stuff/Tech-paper/Figures/snapshots_Wind_Wind_Collapse_temp_zold_x20_ano
maly.png>
Package pdftex.def Info: /Users/alon/Desktop/files/Icebergs_clusters/Towards_Pu
blication/Tech_paper/Github_stuff/Tech-paper/Figures/snapshots_Wind_Wind_Collap
se_temp_zold_x20_anomaly.png used on input line 948.
(pdftex.def)             Requested size: 487.0827pt x 492.15187pt.


LaTeX Warning: Float too large for page by 6.02101pt on input line 953.

[41 </Users/alon/Desktop/files/Icebergs_clusters/Towards_Publication/Tech_paper
/Github_stuff/Tech-paper/Figures/snapshots_Wind_Wind_Collapse_temp_zold_x20_ano
maly.png>]
</Users/alon/Desktop/files/Icebergs_clusters/Towards_Publication/Tech_paper/Git
hub_stuff/Tech-paper/Figures/snapshots_Wind_Wind_Collapse_temp_zold_x149_anomal
y_mask.png, id=204, 624.4128pt x 630.9171pt>
File: /Users/alon/Desktop/files/Icebergs_clusters/Towards_Publication/Tech_pape
r/Github_stuff/Tech-paper/Figures/snapshots_Wind_Wind_Collapse_temp_zold_x149_a
nomaly_mask.png Graphic file (type png)

<use /Users/alon/Desktop/files/Icebergs_clusters/Towards_Publication/Tech_paper
/Github_stuff/Tech-paper/Figures/snapshots_Wind_Wind_Collapse_temp_zold_x149_an
omaly_mask.png>
Package pdftex.def Info: /Users/alon/Desktop/files/Icebergs_clusters/Towards_Pu
blication/Tech_paper/Github_stuff/Tech-paper/Figures/snapshots_Wind_Wind_Collap
se_temp_zold_x149_anomaly_mask.png used on input line 960.
(pdftex.def)             Requested size: 487.0827pt x 492.15187pt.


LaTeX Warning: Text page 42 contains only floats.

[42







 </Users/alon/Desktop/files/Icebergs_clusters/Towards_Publication/Tech_paper/Gi
thub_stuff/Tech-paper/Figures/snapshots_Wind_Wind_Collapse_temp_zold_x149_anoma
ly_mask.png>]
</Users/alon/Desktop/files/Icebergs_clusters/Towards_Publication/Tech_paper/Git
hub_stuff/Tech-paper/Figures/snapshots_Wind_Wind_Collapse_u.png, id=209, 1001.6
622pt x 630.9171pt>
File: /Users/alon/Desktop/files/Icebergs_clusters/Towards_Publication/Tech_pape
r/Github_stuff/Tech-paper/Figures/snapshots_Wind_Wind_Collapse_u.png Graphic fi
le (type png)

<use /Users/alon/Desktop/files/Icebergs_clusters/Towards_Publication/Tech_paper
/Github_stuff/Tech-paper/Figures/snapshots_Wind_Wind_Collapse_u.png>
Package pdftex.def Info: /Users/alon/Desktop/files/Icebergs_clusters/Towards_Pu
blication/Tech_paper/Github_stuff/Tech-paper/Figures/snapshots_Wind_Wind_Collap
se_u.png used on input line 974.
(pdftex.def)             Requested size: 487.0827pt x 306.79346pt.
 [43 </Users/alon/Desktop/files/Icebergs_clusters/Towards_Publication/Tech_pape
r/Github_stuff/Tech-paper/Figures/snapshots_Wind_Wind_Collapse_u.png>]
</Users/alon/Desktop/files/Icebergs_clusters/Towards_Publication/Tech_paper/Git
hub_stuff/Tech-paper/Figures/Wind_static_shelf_solo_u_cropped.png, id=215, 2578
.63374pt x 764.8575pt>
File: /Users/alon/Desktop/files/Icebergs_clusters/Towards_Publication/Tech_pape
r/Github_stuff/Tech-paper/Figures/Wind_static_shelf_solo_u_cropped.png Graphic 
file (type png)

<use /Users/alon/Desktop/files/Icebergs_clusters/Towards_Publication/Tech_paper
/Github_stuff/Tech-paper/Figures/Wind_static_shelf_solo_u_cropped.png>
Package pdftex.def Info: /Users/alon/Desktop/files/Icebergs_clusters/Towards_Pu
blication/Tech_paper/Github_stuff/Tech-paper/Figures/Wind_static_shelf_solo_u_c
ropped.png used on input line 986.
(pdftex.def)             Requested size: 487.0827pt x 144.47246pt.
 [44 </Users/alon/Desktop/files/Icebergs_clusters/Towards_Publication/Tech_pape
r/Github_stuff/Tech-paper/Figures/Wind_static_shelf_solo_u_cropped.png>]
</Users/alon/Desktop/files/Icebergs_clusters/Towards_Publication/Tech_paper/Git
hub_stuff/Tech-paper/Figures/snapshots_Wind_Wind_Collapse_temp_zold_x10_anomaly
_mask.png, id=220, 624.4128pt x 630.9171pt>
File: /Users/alon/Desktop/files/Icebergs_clusters/Towards_Publication/Tech_pape
r/Github_stuff/Tech-paper/Figures/snapshots_Wind_Wind_Collapse_temp_zold_x10_an
omaly_mask.png Graphic file (type png)

<use /Users/alon/Desktop/files/Icebergs_clusters/Towards_Publication/Tech_paper
/Github_stuff/Tech-paper/Figures/snapshots_Wind_Wind_Collapse_temp_zold_x10_ano
maly_mask.png>
Package pdftex.def Info: /Users/alon/Desktop/files/Icebergs_clusters/Towards_Pu
blication/Tech_paper/Github_stuff/Tech-paper/Figures/snapshots_Wind_Wind_Collap
se_temp_zold_x10_anomaly_mask.png used on input line 999.
(pdftex.def)             Requested size: 487.0827pt x 492.15187pt.


LaTeX Warning: Text page 45 contains only floats.

[45



 </Users/alon/Desktop/files/Icebergs_clusters/Towards_Publication/Tech_paper/Gi
thub_stuff/Tech-paper/Figures/snapshots_Wind_Wind_Collapse_temp_zold_x10_anomal
y_mask.png>]
</Users/alon/Desktop/files/Icebergs_clusters/Towards_Publication/Tech_paper/Git
hub_stuff/Tech-paper/Figures/snapshots_Wind_Wind_Collapse_v_z40_.png, id=225, 1
001.6622pt x 630.9171pt>
File: /Users/alon/Desktop/files/Icebergs_clusters/Towards_Publication/Tech_pape
r/Github_stuff/Tech-paper/Figures/snapshots_Wind_Wind_Collapse_v_z40_.png Graph
ic file (type png)

<use /Users/alon/Desktop/files/Icebergs_clusters/Towards_Publication/Tech_paper
/Github_stuff/Tech-paper/Figures/snapshots_Wind_Wind_Collapse_v_z40_.png>
Package pdftex.def Info: /Users/alon/Desktop/files/Icebergs_clusters/Towards_Pu
blication/Tech_paper/Github_stuff/Tech-paper/Figures/snapshots_Wind_Wind_Collap
se_v_z40_.png used on input line 1013.
(pdftex.def)             Requested size: 487.0827pt x 306.79346pt.

[46 </Users/alon/Desktop/files/Icebergs_clusters/Towards_Publication/Tech_paper
/Github_stuff/Tech-paper/Figures/snapshots_Wind_Wind_Collapse_v_z40_.png>]
</Users/alon/Desktop/files/Icebergs_clusters/Towards_Publication/Tech_paper/Git
hub_stuff/Tech-paper/Figures/snapshots_Wind_Wind_Collapse_melt_m_per_year_anoma
ly.png, id=230, 983.8356pt x 652.1163pt>
File: /Users/alon/Desktop/files/Icebergs_clusters/Towards_Publication/Tech_pape
r/Github_stuff/Tech-paper/Figures/snapshots_Wind_Wind_Collapse_melt_m_per_year_
anomaly.png Graphic file (type png)

<use /Users/alon/Desktop/files/Icebergs_clusters/Towards_Publication/Tech_paper
/Github_stuff/Tech-paper/Figures/snapshots_Wind_Wind_Collapse_melt_m_per_year_a
nomaly.png>
Package pdftex.def Info: /Users/alon/Desktop/files/Icebergs_clusters/Towards_Pu
blication/Tech_paper/Github_stuff/Tech-paper/Figures/snapshots_Wind_Wind_Collap
se_melt_m_per_year_anomaly.png used on input line 1027.
(pdftex.def)             Requested size: 487.0827pt x 322.85329pt.
 [47 </Users/alon/Desktop/files/Icebergs_clusters/Towards_Publication/Tech_pape
r/Github_stuff/Tech-paper/Figures/snapshots_Wind_Wind_Collapse_melt_m_per_year_
anomaly.png>] [48



] [49


]
</Users/alon/Desktop/files/Icebergs_clusters/Towards_Publication/Tech_paper/Git
hub_stuff/Tech-paper/Figures/Wind_static_shelf_comparison_melt.png, id=242, 106
5.2598pt x 707.7642pt>
File: /Users/alon/Desktop/files/Icebergs_clusters/Towards_Publication/Tech_pape
r/Github_stuff/Tech-paper/Figures/Wind_static_shelf_comparison_melt.png Graphic
 file (type png)

<use /Users/alon/Desktop/files/Icebergs_clusters/Towards_Publication/Tech_paper
/Github_stuff/Tech-paper/Figures/Wind_static_shelf_comparison_melt.png>
Package pdftex.def Info: /Users/alon/Desktop/files/Icebergs_clusters/Towards_Pu
blication/Tech_paper/Github_stuff/Tech-paper/Figures/Wind_static_shelf_comparis
on_melt.png used on input line 1176.
(pdftex.def)             Requested size: 487.0827pt x 323.62076pt.

[50 </Users/alon/Desktop/files/Icebergs_clusters/Towards_Publication/Tech_paper
/Github_stuff/Tech-paper/Figures/Wind_static_shelf_comparison_melt.png>]
</Users/alon/Desktop/files/Icebergs_clusters/Towards_Publication/Tech_paper/Git
hub_stuff/Tech-paper/Figures/Wind_static_shelf_comparison_salt_layers.png, id=2
47, 975.645pt x 723.1818pt>
File: /Users/alon/Desktop/files/Icebergs_clusters/Towards_Publication/Tech_pape
r/Github_stuff/Tech-paper/Figures/Wind_static_shelf_comparison_salt_layers.png 
Graphic file (type png)

<use /Users/alon/Desktop/files/Icebergs_clusters/Towards_Publication/Tech_paper
/Github_stuff/Tech-paper/Figures/Wind_static_shelf_comparison_salt_layers.png>
Package pdftex.def Info: /Users/alon/Desktop/files/Icebergs_clusters/Towards_Pu
blication/Tech_paper/Github_stuff/Tech-paper/Figures/Wind_static_shelf_comparis
on_salt_layers.png used on input line 1189.
(pdftex.def)             Requested size: 487.0827pt x 361.03825pt.

[51 </Users/alon/Desktop/files/Icebergs_clusters/Towards_Publication/Tech_paper
/Github_stuff/Tech-paper/Figures/Wind_static_shelf_comparison_salt_layers.png>]

</Users/alon/Desktop/files/Icebergs_clusters/Towards_Publication/Tech_paper/Git
hub_stuff/Tech-paper/Figures/Wind_static_shelf_solo_temp_v_v.png, id=252, 630.9
171pt x 630.9171pt>
File: /Users/alon/Desktop/files/Icebergs_clusters/Towards_Publication/Tech_pape
r/Github_stuff/Tech-paper/Figures/Wind_static_shelf_solo_temp_v_v.png Graphic f
ile (type png)

<use /Users/alon/Desktop/files/Icebergs_clusters/Towards_Publication/Tech_paper
/Github_stuff/Tech-paper/Figures/Wind_static_shelf_solo_temp_v_v.png>
Package pdftex.def Info: /Users/alon/Desktop/files/Icebergs_clusters/Towards_Pu
blication/Tech_paper/Github_stuff/Tech-paper/Figures/Wind_static_shelf_solo_tem
p_v_v.png used on input line 1201.
(pdftex.def)             Requested size: 487.0827pt x 487.08806pt.
 [52 </Users/alon/Desktop/files/Icebergs_clusters/Towards_Publication/Tech_pape
r/Github_stuff/Tech-paper/Figures/Wind_static_shelf_solo_temp_v_v.png>]
</Users/alon/Desktop/files/Icebergs_clusters/Towards_Publication/Tech_paper/Git
hub_stuff/Tech-paper/Figures/Wind_static_shelf_solo_melt_m_per_year_sst_ustar_i
ceberg.png, id=257, 950.5914pt x 652.1163pt>
File: /Users/alon/Desktop/files/Icebergs_clusters/Towards_Publication/Tech_pape
r/Github_stuff/Tech-paper/Figures/Wind_static_shelf_solo_melt_m_per_year_sst_us
tar_iceberg.png Graphic file (type png)

<use /Users/alon/Desktop/files/Icebergs_clusters/Towards_Publication/Tech_paper
/Github_stuff/Tech-paper/Figures/Wind_static_shelf_solo_melt_m_per_year_sst_ust
ar_iceberg.png>
Package pdftex.def Info: /Users/alon/Desktop/files/Icebergs_clusters/Towards_Pu
blication/Tech_paper/Github_stuff/Tech-paper/Figures/Wind_static_shelf_solo_mel
t_m_per_year_sst_ustar_iceberg.png used on input line 1215.
(pdftex.def)             Requested size: 487.0827pt x 334.14708pt.
 [53 </Users/alon/Desktop/files/Icebergs_clusters/Towards_Publication/Tech_pape
r/Github_stuff/Tech-paper/Figures/Wind_static_shelf_solo_melt_m_per_year_sst_us
tar_iceberg.png>]
</Users/alon/Desktop/files/Icebergs_clusters/Towards_Publication/Tech_paper/Git
hub_stuff/Tech-paper/Figures/snapshots_Wind_Wind_Broken_Compare_melt_m_per_year
_anomaly.png, id=262, 983.8356pt x 652.1163pt>
File: /Users/alon/Desktop/files/Icebergs_clusters/Towards_Publication/Tech_pape
r/Github_stuff/Tech-paper/Figures/snapshots_Wind_Wind_Broken_Compare_melt_m_per
_year_anomaly.png Graphic file (type png)

<use /Users/alon/Desktop/files/Icebergs_clusters/Towards_Publication/Tech_paper
/Github_stuff/Tech-paper/Figures/snapshots_Wind_Wind_Broken_Compare_melt_m_per_
year_anomaly.png>
Package pdftex.def Info: /Users/alon/Desktop/files/Icebergs_clusters/Towards_Pu
blication/Tech_paper/Github_stuff/Tech-paper/Figures/snapshots_Wind_Wind_Broken
_Compare_melt_m_per_year_anomaly.png used on input line 1227.
(pdftex.def)             Requested size: 487.0827pt x 322.85329pt.
 [54 </Users/alon/Desktop/files/Icebergs_clusters/Towards_Publication/Tech_pape
r/Github_stuff/Tech-paper/Figures/snapshots_Wind_Wind_Broken_Compare_melt_m_per
_year_anomaly.png>]
</Users/alon/Desktop/files/Icebergs_clusters/Towards_Publication/Tech_paper/Git
hub_stuff/Tech-paper/Figures/snapshots_Wind_Wind_Collapse_ustar_iceberg.png, id
=267, 1009.371pt x 652.1163pt>
File: /Users/alon/Desktop/files/Icebergs_clusters/Towards_Publication/Tech_pape
r/Github_stuff/Tech-paper/Figures/snapshots_Wind_Wind_Collapse_ustar_iceberg.pn
g Graphic file (type png)

<use /Users/alon/Desktop/files/Icebergs_clusters/Towards_Publication/Tech_paper
/Github_stuff/Tech-paper/Figures/snapshots_Wind_Wind_Collapse_ustar_iceberg.png
>
Package pdftex.def Info: /Users/alon/Desktop/files/Icebergs_clusters/Towards_Pu
blication/Tech_paper/Github_stuff/Tech-paper/Figures/snapshots_Wind_Wind_Collap
se_ustar_iceberg.png used on input line 1239.
(pdftex.def)             Requested size: 487.0827pt x 314.68394pt.
 [55 </Users/alon/Desktop/files/Icebergs_clusters/Towards_Publication/Tech_pape
r/Github_stuff/Tech-paper/Figures/snapshots_Wind_Wind_Collapse_ustar_iceberg.pn
g>]
</Users/alon/Desktop/files/Icebergs_clusters/Towards_Publication/Tech_paper/Git
hub_stuff/Tech-paper/Figures/snapshots_Wind_Wind_Collapse_salt_zold_x20_anomaly
_mask.png, id=273, 624.4128pt x 630.9171pt>
File: /Users/alon/Desktop/files/Icebergs_clusters/Towards_Publication/Tech_pape
r/Github_stuff/Tech-paper/Figures/snapshots_Wind_Wind_Collapse_salt_zold_x20_an
omaly_mask.png Graphic file (type png)

<use /Users/alon/Desktop/files/Icebergs_clusters/Towards_Publication/Tech_paper
/Github_stuff/Tech-paper/Figures/snapshots_Wind_Wind_Collapse_salt_zold_x20_ano
maly_mask.png>
Package pdftex.def Info: /Users/alon/Desktop/files/Icebergs_clusters/Towards_Pu
blication/Tech_paper/Github_stuff/Tech-paper/Figures/snapshots_Wind_Wind_Collap
se_salt_zold_x20_anomaly_mask.png used on input line 1253.
(pdftex.def)             Requested size: 487.0827pt x 492.15187pt.


LaTeX Warning: Float too large for page by 6.02101pt on input line 1258.

[56 </Users/alon/Desktop/files/Icebergs_clusters/Towards_Publication/Tech_paper
/Github_stuff/Tech-paper/Figures/snapshots_Wind_Wind_Collapse_salt_zold_x20_ano
maly_mask.png>] (./Lagrangian_MISOMIP.aux) ) 
Here is how much of TeX's memory you used:
 3820 strings out of 494437
 62021 string characters out of 6166646
 125217 words of memory out of 5000000
 7096 multiletter control sequences out of 15000+600000
 15991 words of font info for 58 fonts, out of 8000000 for 9000
 319 hyphenation exceptions out of 8191
 39i,11n,26p,1252b,499s stack positions out of 5000i,500n,10000p,200000b,80000s
</usr/local/texlive/2017basic/texmf
-dist/fonts/type1/public/amsfonts/cm/cmbx12.pfb></usr/local/texlive/2017basic/t
exmf-dist/fonts/type1/public/amsfonts/cm/cmbxti10.pfb></usr/local/texlive/2017b
asic/texmf-dist/fonts/type1/public/amsfonts/cm/cmex10.pfb></usr/local/texlive/2
017basic/texmf-dist/fonts/type1/public/amsfonts/cm/cmmi12.pfb></usr/local/texli
ve/2017basic/texmf-dist/fonts/type1/public/amsfonts/cm/cmmi6.pfb></usr/local/te
xlive/2017basic/texmf-dist/fonts/type1/public/amsfonts/cm/cmmi8.pfb></usr/local
/texlive/2017basic/texmf-dist/fonts/type1/public/amsfonts/cm/cmr10.pfb></usr/lo
cal/texlive/2017basic/texmf-dist/fonts/type1/public/amsfonts/cm/cmr12.pfb></usr
/local/texlive/2017basic/texmf-dist/fonts/type1/public/amsfonts/cm/cmr6.pfb></u
sr/local/texlive/2017basic/texmf-dist/fonts/type1/public/amsfonts/cm/cmr8.pfb><
/usr/local/texlive/2017basic/texmf-dist/fonts/type1/public/amsfonts/cm/cmr9.pfb
></usr/local/texlive/2017basic/texmf-dist/fonts/type1/public/amsfonts/cm/cmss8.
pfb></usr/local/texlive/2017basic/texmf-dist/fonts/type1/public/amsfonts/cm/cms
y10.pfb></usr/local/texlive/2017basic/texmf-dist/fonts/type1/public/amsfonts/cm
/cmsy6.pfb></usr/local/texlive/2017basic/texmf-dist/fonts/type1/public/amsfonts
/cm/cmsy8.pfb></usr/local/texlive/2017basic/texmf-dist/fonts/type1/public/amsfo
nts/cm/cmti12.pfb></usr/local/texlive/2017basic/texmf-dist/fonts/type1/public/a
msfonts/cm/cmtt12.pfb>
Output written on Lagrangian_MISOMIP.pdf (56 pages, 7541821 bytes).
PDF statistics:
 335 PDF objects out of 1000 (max. 8388607)
 206 compressed objects within 3 object streams
 0 named destinations out of 1000 (max. 500000)
 96 words of extra memory for PDF output out of 10000 (max. 10000000)

